# JRE version: OpenJDK Runtime Environment GraalVM CE 22.3.0 (17.0.5+8) (build 17.0.5+8-jvmci-22.3-b08)
# Java VM: OpenJDK 64-Bit Server VM GraalVM CE 22.3.0 (17.0.5+8-jvmci-22.3-b08, mixed mode, sharing, tiered, jvmci, jvmci compiler, compressed oops, compressed class ptrs, parallel gc, linux-amd64)
GC Precious Log:
 CPUs: 8 total, 1 available
 Memory: 1024M
 Large Page Support: Disabled
 NUMA Support: Disabled
 Compressed Oops: Enabled (32-bit)
 Alignments: Space 512K, Generation 512K, Heap 2M
 Heap Min Capacity: 100M
 Heap Initial Capacity: 100M
 Heap Max Capacity: 512M
 Pre-touch: Disabled
 Parallel Workers: 1
Heap:
 PSYoungGen      total 57344K, used 42496K [0x00000000f5580000, 0x00000000f9e00000, 0x0000000100000000)
  eden space 42496K, 100% used [0x00000000f5580000,0x00000000f7f00000,0x00000000f7f00000)
  from space 14848K, 0% used [0x00000000f8e00000,0x00000000f8e00000,0x00000000f9c80000)
  to   space 15360K, 0% used [0x00000000f7f00000,0x00000000f7f00000,0x00000000f8e00000)
 ParOldGen       total 349696K, used 349695K [0x00000000e0000000, 0x00000000f5580000, 0x00000000f5580000)
  object space 349696K, 99% used [0x00000000e0000000,0x00000000f557fff0,0x00000000f5580000)
 Metaspace       used 62615K, committed 63552K, reserved 1114112K
  class space    used 6073K, committed 6528K, reserved 1048576K
GC Heap History (20 events):
Event: 830.750 GC heap before
{Heap before GC invocations=645 (full 443):
 PSYoungGen      total 57344K, used 42496K [0x00000000f5580000, 0x00000000f9e00000, 0x0000000100000000)
  eden space 42496K, 100% used [0x00000000f5580000,0x00000000f7f00000,0x00000000f7f00000)
  from space 14848K, 0% used [0x00000000f8e00000,0x00000000f8e00000,0x00000000f9c80000)
  to   space 15360K, 0% used [0x00000000f7f00000,0x00000000f7f00000,0x00000000f8e00000)
 ParOldGen       total 349696K, used 349694K [0x00000000e0000000, 0x00000000f5580000, 0x00000000f5580000)
  object space 349696K, 99% used [0x00000000e0000000,0x00000000f557fae8,0x00000000f5580000)
 Metaspace       used 62612K, committed 63552K, reserved 1114112K
  class space    used 6073K, committed 6528K, reserved 1048576K
}
Event: 832.149 GC heap after
{Heap after GC invocations=645 (full 443):
 PSYoungGen      total 57856K, used 42495K [0x00000000f5580000, 0x00000000f9e00000, 0x0000000100000000)
  eden space 42496K, 99% used [0x00000000f5580000,0x00000000f7efffe0,0x00000000f7f00000)
  from space 15360K, 0% used [0x00000000f7f00000,0x00000000f7f00000,0x00000000f8e00000)
  to   space 14848K, 0% used [0x00000000f8e00000,0x00000000f8e00000,0x00000000f9c80000)
 ParOldGen       total 349696K, used 349694K [0x00000000e0000000, 0x00000000f5580000, 0x00000000f5580000)
  object space 349696K, 99% used [0x00000000e0000000,0x00000000f557fae8,0x00000000f5580000)
 Metaspace       used 62612K, committed 63552K, reserved 1114112K
  class space    used 6073K, committed 6528K, reserved 1048576K
}
Event: 832.150 GC heap before
{Heap before GC invocations=646 (full 444):
 PSYoungGen      total 57856K, used 42496K [0x00000000f5580000, 0x00000000f9e00000, 0x0000000100000000)
  eden space 42496K, 100% used [0x00000000f5580000,0x00000000f7f00000,0x00000000f7f00000)
  from space 15360K, 0% used [0x00000000f7f00000,0x00000000f7f00000,0x00000000f8e00000)
  to   space 14848K, 0% used [0x00000000f8e00000,0x00000000f8e00000,0x00000000f9c80000)
 ParOldGen       total 349696K, used 349694K [0x00000000e0000000, 0x00000000f5580000, 0x00000000f5580000)
  object space 349696K, 99% used [0x00000000e0000000,0x00000000f557fae8,0x00000000f5580000)
 Metaspace       used 62612K, committed 63552K, reserved 1114112K
  class space    used 6073K, committed 6528K, reserved 1048576K
}
Event: 833.482 GC heap after
{Heap after GC invocations=646 (full 444):
 PSYoungGen      total 57344K, used 42496K [0x00000000f5580000, 0x00000000f9e00000, 0x0000000100000000)
  eden space 42496K, 100% used [0x00000000f5580000,0x00000000f7f00000,0x00000000f7f00000)
  from space 14848K, 0% used [0x00000000f8e00000,0x00000000f8e00000,0x00000000f9c80000)
  to   space 15360K, 0% used [0x00000000f7f00000,0x00000000f7f00000,0x00000000f8e00000)
 ParOldGen       total 349696K, used 349694K [0x00000000e0000000, 0x00000000f5580000, 0x00000000f5580000)
  object space 349696K, 99% used [0x00000000e0000000,0x00000000f557fae8,0x00000000f5580000)
 Metaspace       used 62612K, committed 63552K, reserved 1114112K
  class space    used 6073K, committed 6528K, reserved 1048576K
}
Event: 833.487 GC heap before
{Heap before GC invocations=647 (full 445):
 PSYoungGen      total 57344K, used 42496K [0x00000000f5580000, 0x00000000f9e00000, 0x0000000100000000)
  eden space 42496K, 100% used [0x00000000f5580000,0x00000000f7f00000,0x00000000f7f00000)
  from space 14848K, 0% used [0x00000000f8e00000,0x00000000f8e00000,0x00000000f9c80000)
  to   space 15360K, 0% used [0x00000000f7f00000,0x00000000f7f00000,0x00000000f8e00000)
 ParOldGen       total 349696K, used 349696K [0x00000000e0000000, 0x00000000f5580000, 0x00000000f5580000)
  object space 349696K, 100% used [0x00000000e0000000,0x00000000f5580000,0x00000000f5580000)
 Metaspace       used 62612K, committed 63552K, reserved 1114112K
  class space    used 6073K, committed 6528K, reserved 1048576K
}
Event: 834.908 GC heap after
{Heap after GC invocations=647 (full 445):
 PSYoungGen      total 57856K, used 42495K [0x00000000f5580000, 0x00000000f9e00000, 0x0000000100000000)
  eden space 42496K, 99% used [0x00000000f5580000,0x00000000f7efffd0,0x00000000f7f00000)
  from space 15360K, 0% used [0x00000000f7f00000,0x00000000f7f00000,0x00000000f8e00000)
  to   space 14848K, 0% used [0x00000000f8e00000,0x00000000f8e00000,0x00000000f9c80000)
 ParOldGen       total 349696K, used 349695K [0x00000000e0000000, 0x00000000f5580000, 0x00000000f5580000)
  object space 349696K, 99% used [0x00000000e0000000,0x00000000f557ff50,0x00000000f5580000)
 Metaspace       used 62612K, committed 63552K, reserved 1114112K
  class space    used 6073K, committed 6528K, reserved 1048576K
}
Event: 834.910 GC heap before
{Heap before GC invocations=648 (full 446):
 PSYoungGen      total 57856K, used 42495K [0x00000000f5580000, 0x00000000f9e00000, 0x0000000100000000)
  eden space 42496K, 99% used [0x00000000f5580000,0x00000000f7effff0,0x00000000f7f00000)
  from space 15360K, 0% used [0x00000000f7f00000,0x00000000f7f00000,0x00000000f8e00000)
  to   space 14848K, 0% used [0x00000000f8e00000,0x00000000f8e00000,0x00000000f9c80000)
 ParOldGen       total 349696K, used 349695K [0x00000000e0000000, 0x00000000f5580000, 0x00000000f5580000)
  object space 349696K, 99% used [0x00000000e0000000,0x00000000f557ff50,0x00000000f5580000)
 Metaspace       used 62612K, committed 63552K, reserved 1114112K
  class space    used 6073K, committed 6528K, reserved 1048576K
}
Event: 836.248 GC heap after
{Heap after GC invocations=648 (full 446):
 PSYoungGen      total 57344K, used 42495K [0x00000000f5580000, 0x00000000f9e00000, 0x0000000100000000)
  eden space 42496K, 99% used [0x00000000f5580000,0x00000000f7effff0,0x00000000f7f00000)
  from space 14848K, 0% used [0x00000000f8e00000,0x00000000f8e00000,0x00000000f9c80000)
  to   space 15360K, 0% used [0x00000000f7f00000,0x00000000f7f00000,0x00000000f8e00000)
 ParOldGen       total 349696K, used 349695K [0x00000000e0000000, 0x00000000f5580000, 0x00000000f5580000)
  object space 349696K, 99% used [0x00000000e0000000,0x00000000f557ff30,0x00000000f5580000)
 Metaspace       used 62612K, committed 63552K, reserved 1114112K
  class space    used 6073K, committed 6528K, reserved 1048576K
}
Event: 836.248 GC heap before
{Heap before GC invocations=649 (full 447):
 PSYoungGen      total 57344K, used 42495K [0x00000000f5580000, 0x00000000f9e00000, 0x0000000100000000)
  eden space 42496K, 99% used [0x00000000f5580000,0x00000000f7effff0,0x00000000f7f00000)
  from space 14848K, 0% used [0x00000000f8e00000,0x00000000f8e00000,0x00000000f9c80000)
  to   space 15360K, 0% used [0x00000000f7f00000,0x00000000f7f00000,0x00000000f8e00000)
 ParOldGen       total 349696K, used 349695K [0x00000000e0000000, 0x00000000f5580000, 0x00000000f5580000)
  object space 349696K, 99% used [0x00000000e0000000,0x00000000f557fff0,0x00000000f5580000)
 Metaspace       used 62612K, committed 63552K, reserved 1114112K
  class space    used 6073K, committed 6528K, reserved 1048576K
}
Event: 837.624 GC heap after
{Heap after GC invocations=649 (full 447):
 PSYoungGen      total 57856K, used 42495K [0x00000000f5580000, 0x00000000f9e00000, 0x0000000100000000)
  eden space 42496K, 99% used [0x00000000f5580000,0x00000000f7efffd0,0x00000000f7f00000)
  from space 15360K, 0% used [0x00000000f7f00000,0x00000000f7f00000,0x00000000f8e00000)
  to   space 14848K, 0% used [0x00000000f8e00000,0x00000000f8e00000,0x00000000f9c80000)
 ParOldGen       total 349696K, used 349695K [0x00000000e0000000, 0x00000000f5580000, 0x00000000f5580000)
  object space 349696K, 99% used [0x00000000e0000000,0x00000000f557ff68,0x00000000f5580000)
 Metaspace       used 62612K, committed 63552K, reserved 1114112K
  class space    used 6073K, committed 6528K, reserved 1048576K
}
Event: 837.644 GC heap before
{Heap before GC invocations=650 (full 448):
 PSYoungGen      total 57856K, used 42495K [0x00000000f5580000, 0x00000000f9e00000, 0x0000000100000000)
  eden space 42496K, 99% used [0x00000000f5580000,0x00000000f7effff0,0x00000000f7f00000)
  from space 15360K, 0% used [0x00000000f7f00000,0x00000000f7f00000,0x00000000f8e00000)
  to   space 14848K, 0% used [0x00000000f8e00000,0x00000000f8e00000,0x00000000f9c80000)
 ParOldGen       total 349696K, used 349695K [0x00000000e0000000, 0x00000000f5580000, 0x00000000f5580000)
  object space 349696K, 99% used [0x00000000e0000000,0x00000000f557ff68,0x00000000f5580000)
 Metaspace       used 62612K, committed 63552K, reserved 1114112K
  class space    used 6073K, committed 6528K, reserved 1048576K
}
Event: 839.110 GC heap after
{Heap after GC invocations=650 (full 448):
 PSYoungGen      total 57344K, used 42495K [0x00000000f5580000, 0x00000000f9e00000, 0x0000000100000000)
  eden space 42496K, 99% used [0x00000000f5580000,0x00000000f7effff0,0x00000000f7f00000)
  from space 14848K, 0% used [0x00000000f8e00000,0x00000000f8e00000,0x00000000f9c80000)
  to   space 15360K, 0% used [0x00000000f7f00000,0x00000000f7f00000,0x00000000f8e00000)
 ParOldGen       total 349696K, used 349695K [0x00000000e0000000, 0x00000000f5580000, 0x00000000f5580000)
  object space 349696K, 99% used [0x00000000e0000000,0x00000000f557ff68,0x00000000f5580000)
 Metaspace       used 62612K, committed 63552K, reserved 1114112K
  class space    used 6073K, committed 6528K, reserved 1048576K
}
Event: 839.111 GC heap before
{Heap before GC invocations=651 (full 449):
 PSYoungGen      total 57344K, used 42495K [0x00000000f5580000, 0x00000000f9e00000, 0x0000000100000000)
  eden space 42496K, 99% used [0x00000000f5580000,0x00000000f7effff0,0x00000000f7f00000)
  from space 14848K, 0% used [0x00000000f8e00000,0x00000000f8e00000,0x00000000f9c80000)
  to   space 15360K, 0% used [0x00000000f7f00000,0x00000000f7f00000,0x00000000f8e00000)
 ParOldGen       total 349696K, used 349696K [0x00000000e0000000, 0x00000000f5580000, 0x00000000f5580000)
  object space 349696K, 100% used [0x00000000e0000000,0x00000000f5580000,0x00000000f5580000)
 Metaspace       used 62612K, committed 63552K, reserved 1114112K
  class space    used 6073K, committed 6528K, reserved 1048576K
}
Event: 840.612 GC heap after
{Heap after GC invocations=651 (full 449):
 PSYoungGen      total 57856K, used 42495K [0x00000000f5580000, 0x00000000f9e00000, 0x0000000100000000)
  eden space 42496K, 99% used [0x00000000f5580000,0x00000000f7efffd0,0x00000000f7f00000)
  from space 15360K, 0% used [0x00000000f7f00000,0x00000000f7f00000,0x00000000f8e00000)
  to   space 14848K, 0% used [0x00000000f8e00000,0x00000000f8e00000,0x00000000f9c80000)
 ParOldGen       total 349696K, used 349695K [0x00000000e0000000, 0x00000000f5580000, 0x00000000f5580000)
  object space 349696K, 99% used [0x00000000e0000000,0x00000000f557fee8,0x00000000f5580000)
 Metaspace       used 62612K, committed 63552K, reserved 1114112K
  class space    used 6073K, committed 6528K, reserved 1048576K
}
Event: 840.613 GC heap before
{Heap before GC invocations=652 (full 450):
 PSYoungGen      total 57856K, used 42495K [0x00000000f5580000, 0x00000000f9e00000, 0x0000000100000000)
  eden space 42496K, 99% used [0x00000000f5580000,0x00000000f7efffe8,0x00000000f7f00000)
  from space 15360K, 0% used [0x00000000f7f00000,0x00000000f7f00000,0x00000000f8e00000)
  to   space 14848K, 0% used [0x00000000f8e00000,0x00000000f8e00000,0x00000000f9c80000)
 ParOldGen       total 349696K, used 349695K [0x00000000e0000000, 0x00000000f5580000, 0x00000000f5580000)
  object space 349696K, 99% used [0x00000000e0000000,0x00000000f557fee8,0x00000000f5580000)
 Metaspace       used 62612K, committed 63552K, reserved 1114112K
  class space    used 6073K, committed 6528K, reserved 1048576K
}
Event: 842.081 GC heap after
{Heap after GC invocations=652 (full 450):
 PSYoungGen      total 57344K, used 42495K [0x00000000f5580000, 0x00000000f9e00000, 0x0000000100000000)
  eden space 42496K, 99% used [0x00000000f5580000,0x00000000f7efffe8,0x00000000f7f00000)
  from space 14848K, 0% used [0x00000000f8e00000,0x00000000f8e00000,0x00000000f9c80000)
  to   space 15360K, 0% used [0x00000000f7f00000,0x00000000f7f00000,0x00000000f8e00000)
 ParOldGen       total 349696K, used 349695K [0x00000000e0000000, 0x00000000f5580000, 0x00000000f5580000)
  object space 349696K, 99% used [0x00000000e0000000,0x00000000f557fee8,0x00000000f5580000)
 Metaspace       used 62612K, committed 63552K, reserved 1114112K
  class space    used 6073K, committed 6528K, reserved 1048576K
}
Event: 842.096 GC heap before
{Heap before GC invocations=653 (full 451):
 PSYoungGen      total 57344K, used 42495K [0x00000000f5580000, 0x00000000f9e00000, 0x0000000100000000)
  eden space 42496K, 99% used [0x00000000f5580000,0x00000000f7effff8,0x00000000f7f00000)
  from space 14848K, 0% used [0x00000000f8e00000,0x00000000f8e00000,0x00000000f9c80000)
  to   space 15360K, 0% used [0x00000000f7f00000,0x00000000f7f00000,0x00000000f8e00000)
 ParOldGen       total 349696K, used 349695K [0x00000000e0000000, 0x00000000f5580000, 0x00000000f5580000)
  object space 349696K, 99% used [0x00000000e0000000,0x00000000f557ffa0,0x00000000f5580000)
 Metaspace       used 62612K, committed 63552K, reserved 1114112K
  class space    used 6073K, committed 6528K, reserved 1048576K
}
Event: 843.630 GC heap after
{Heap after GC invocations=653 (full 451):
 PSYoungGen      total 57856K, used 42495K [0x00000000f5580000, 0x00000000f9e00000, 0x0000000100000000)
  eden space 42496K, 99% used [0x00000000f5580000,0x00000000f7efffe8,0x00000000f7f00000)
  from space 15360K, 0% used [0x00000000f7f00000,0x00000000f7f00000,0x00000000f8e00000)
  to   space 14848K, 0% used [0x00000000f8e00000,0x00000000f8e00000,0x00000000f9c80000)
 ParOldGen       total 349696K, used 349695K [0x00000000e0000000, 0x00000000f5580000, 0x00000000f5580000)
  object space 349696K, 99% used [0x00000000e0000000,0x00000000f557ff40,0x00000000f5580000)
 Metaspace       used 62612K, committed 63552K, reserved 1114112K
  class space    used 6073K, committed 6528K, reserved 1048576K
}
Event: 843.630 GC heap before
{Heap before GC invocations=654 (full 452):
 PSYoungGen      total 57856K, used 42495K [0x00000000f5580000, 0x00000000f9e00000, 0x0000000100000000)
  eden space 42496K, 99% used [0x00000000f5580000,0x00000000f7efffe8,0x00000000f7f00000)
  from space 15360K, 0% used [0x00000000f7f00000,0x00000000f7f00000,0x00000000f8e00000)
  to   space 14848K, 0% used [0x00000000f8e00000,0x00000000f8e00000,0x00000000f9c80000)
 ParOldGen       total 349696K, used 349695K [0x00000000e0000000, 0x00000000f5580000, 0x00000000f5580000)
  object space 349696K, 99% used [0x00000000e0000000,0x00000000f557ff40,0x00000000f5580000)
 Metaspace       used 62612K, committed 63552K, reserved 1114112K
  class space    used 6073K, committed 6528K, reserved 1048576K
}
Event: 845.144 GC heap after
{Heap after GC invocations=654 (full 452):
 PSYoungGen      total 57344K, used 42495K [0x00000000f5580000, 0x00000000f9e00000, 0x0000000100000000)
  eden space 42496K, 99% used [0x00000000f5580000,0x00000000f7efffe8,0x00000000f7f00000)
  from space 14848K, 0% used [0x00000000f8e00000,0x00000000f8e00000,0x00000000f9c80000)
  to   space 15360K, 0% used [0x00000000f7f00000,0x00000000f7f00000,0x00000000f8e00000)
 ParOldGen       total 349696K, used 349695K [0x00000000e0000000, 0x00000000f5580000, 0x00000000f5580000)
  object space 349696K, 99% used [0x00000000e0000000,0x00000000f557ff40,0x00000000f5580000)
 Metaspace       used 62612K, committed 63552K, reserved 1114112K
  class space    used 6073K, committed 6528K, reserved 1048576K
}

